Flow report for MIPS
Wed May 31 23:37:43 2017
Quartus II Version 9.0 Build 132 02/25/2009 SJ Full Version


---------------------
; Table of Contents ;
---------------------
  1. Legal Notice
  2. Flow Summary
  3. Flow Settings
  4. Flow Non-Default Global Settings
  5. Flow Elapsed Time
  6. Flow OS Summary
  7. Flow Log



----------------
; Legal Notice ;
----------------
Copyright (C) 1991-2009 Altera Corporation
Your use of Altera Corporation's design tools, logic functions 
and other software and tools, and its AMPP partner logic 
functions, and any output files from any of the foregoing 
(including device programming or simulation files), and any 
associated documentation or information are expressly subject 
to the terms and conditions of the Altera Program License 
Subscription Agreement, Altera MegaCore Function License 
Agreement, or other applicable license agreement, including, 
without limitation, that your use is for the sole purpose of 
programming logic devices manufactured by Altera and sold by 
Altera or its authorized distributors.  Please refer to the 
applicable agreement for further details.



+-------------------------------------------------------------------------------+
; Flow Summary                                                                  ;
+------------------------------------+------------------------------------------+
; Flow Status                        ; Successful - Wed May 31 23:37:38 2017    ;
; Quartus II Version                 ; 9.0 Build 132 02/25/2009 SJ Full Version ;
; Revision Name                      ; MIPS                                     ;
; Top-level Entity Name              ; MIPS                                     ;
; Family                             ; Cyclone III                              ;
; Device                             ; EP3C40Q240C8                             ;
; Timing Models                      ; Final                                    ;
; Met timing requirements            ; N/A                                      ;
; Total logic elements               ; 1,998 / 39,600 ( 5 % )                   ;
;     Total combinational functions  ; 1,602 / 39,600 ( 4 % )                   ;
;     Dedicated logic registers      ; 1,187 / 39,600 ( 3 % )                   ;
; Total registers                    ; 1187                                     ;
; Total pins                         ; 83 / 129 ( 64 % )                        ;
; Total virtual pins                 ; 0                                        ;
; Total memory bits                  ; 8,192 / 1,161,216 ( < 1 % )              ;
; Embedded Multiplier 9-bit elements ; 0 / 252 ( 0 % )                          ;
; Total PLLs                         ; 0 / 4 ( 0 % )                            ;
+------------------------------------+------------------------------------------+


+-----------------------------------------+
; Flow Settings                           ;
+-------------------+---------------------+
; Option            ; Setting             ;
+-------------------+---------------------+
; Start date & time ; 05/31/2017 23:36:20 ;
; Main task         ; Compilation         ;
; Revision Name     ; MIPS                ;
+-------------------+---------------------+


+--------------------------------------------------------------------------------------------------------------------+
; Flow Non-Default Global Settings                                                                                   ;
+------------------------------------+--------------------------------+---------------+-------------+----------------+
; Assignment Name                    ; Value                          ; Default Value ; Entity Name ; Section Id     ;
+------------------------------------+--------------------------------+---------------+-------------+----------------+
; COMPILER_SIGNATURE_ID              ; 44883549905136.149624498007504 ; --            ; --          ; --             ;
; IP_TOOL_NAME                       ; LPM_BUSTRI                     ; --            ; --          ; --             ;
; IP_TOOL_NAME                       ; LPM_LATCH                      ; --            ; --          ; --             ;
; IP_TOOL_NAME                       ; LPM_COUNTER                    ; --            ; --          ; --             ;
; IP_TOOL_NAME                       ; LPM_COUNTER                    ; --            ; --          ; --             ;
; IP_TOOL_NAME                       ; LPM_ROM                        ; --            ; --          ; --             ;
; IP_TOOL_NAME                       ; LPM_RAM_DQ                     ; --            ; --          ; --             ;
; IP_TOOL_NAME                       ; LPM_RAM_DQ                     ; --            ; --          ; --             ;
; IP_TOOL_NAME                       ; LPM_LATCH                      ; --            ; --          ; --             ;
; IP_TOOL_NAME                       ; LPM_MUX                        ; --            ; --          ; --             ;
; IP_TOOL_NAME                       ; LPM_MUX                        ; --            ; --          ; --             ;
; IP_TOOL_NAME                       ; LPM_MUX                        ; --            ; --          ; --             ;
; IP_TOOL_NAME                       ; LPM_MUX                        ; --            ; --          ; --             ;
; IP_TOOL_NAME                       ; LPM_LATCH                      ; --            ; --          ; --             ;
; IP_TOOL_NAME                       ; LPM_LATCH                      ; --            ; --          ; --             ;
; IP_TOOL_NAME                       ; LPM_RAM_DQ                     ; --            ; --          ; --             ;
; IP_TOOL_NAME                       ; LPM_RAM_DQ                     ; --            ; --          ; --             ;
; IP_TOOL_NAME                       ; LPM_LATCH                      ; --            ; --          ; --             ;
; IP_TOOL_NAME                       ; LPM_BUSTRI                     ; --            ; --          ; --             ;
; IP_TOOL_NAME                       ; LPM_RAM_DQ                     ; --            ; --          ; --             ;
; IP_TOOL_NAME                       ; LPM_MUX                        ; --            ; --          ; --             ;
; IP_TOOL_NAME                       ; LPM_MUX                        ; --            ; --          ; --             ;
; IP_TOOL_NAME                       ; LPM_BUSTRI                     ; --            ; --          ; --             ;
; IP_TOOL_NAME                       ; LPM_COUNTER                    ; --            ; --          ; --             ;
; IP_TOOL_VERSION                    ; 9.0                            ; --            ; --          ; --             ;
; IP_TOOL_VERSION                    ; 9.0                            ; --            ; --          ; --             ;
; IP_TOOL_VERSION                    ; 9.0                            ; --            ; --          ; --             ;
; IP_TOOL_VERSION                    ; 9.0                            ; --            ; --          ; --             ;
; IP_TOOL_VERSION                    ; 9.0                            ; --            ; --          ; --             ;
; IP_TOOL_VERSION                    ; 9.0                            ; --            ; --          ; --             ;
; IP_TOOL_VERSION                    ; 9.0                            ; --            ; --          ; --             ;
; IP_TOOL_VERSION                    ; 9.0                            ; --            ; --          ; --             ;
; IP_TOOL_VERSION                    ; 9.0                            ; --            ; --          ; --             ;
; IP_TOOL_VERSION                    ; 9.0                            ; --            ; --          ; --             ;
; IP_TOOL_VERSION                    ; 9.0                            ; --            ; --          ; --             ;
; IP_TOOL_VERSION                    ; 9.0                            ; --            ; --          ; --             ;
; IP_TOOL_VERSION                    ; 9.0                            ; --            ; --          ; --             ;
; IP_TOOL_VERSION                    ; 9.0                            ; --            ; --          ; --             ;
; IP_TOOL_VERSION                    ; 9.0                            ; --            ; --          ; --             ;
; IP_TOOL_VERSION                    ; 9.0                            ; --            ; --          ; --             ;
; IP_TOOL_VERSION                    ; 9.0                            ; --            ; --          ; --             ;
; IP_TOOL_VERSION                    ; 9.0                            ; --            ; --          ; --             ;
; IP_TOOL_VERSION                    ; 9.0                            ; --            ; --          ; --             ;
; IP_TOOL_VERSION                    ; 9.0                            ; --            ; --          ; --             ;
; IP_TOOL_VERSION                    ; 9.0                            ; --            ; --          ; --             ;
; IP_TOOL_VERSION                    ; 9.0                            ; --            ; --          ; --             ;
; IP_TOOL_VERSION                    ; 9.0                            ; --            ; --          ; --             ;
; MAX_CORE_JUNCTION_TEMP             ; 85                             ; --            ; --          ; --             ;
; MIN_CORE_JUNCTION_TEMP             ; 0                              ; --            ; --          ; --             ;
; MISC_FILE                          ; lpm_bustri0.bsf                ; --            ; --          ; --             ;
; MISC_FILE                          ; lpm_bustri0.inc                ; --            ; --          ; --             ;
; MISC_FILE                          ; lpm_latch0.bsf                 ; --            ; --          ; --             ;
; MISC_FILE                          ; lpm_latch0.inc                 ; --            ; --          ; --             ;
; MISC_FILE                          ; lpm_counter0.bsf               ; --            ; --          ; --             ;
; MISC_FILE                          ; lpm_counter0.inc               ; --            ; --          ; --             ;
; MISC_FILE                          ; lpm_counter1.tdf               ; --            ; --          ; --             ;
; MISC_FILE                          ; lpm_counter1.bsf               ; --            ; --          ; --             ;
; MISC_FILE                          ; lpm_counter1.inc               ; --            ; --          ; --             ;
; MISC_FILE                          ; lpm_rom1.tdf                   ; --            ; --          ; --             ;
; MISC_FILE                          ; lpm_rom1.bsf                   ; --            ; --          ; --             ;
; MISC_FILE                          ; lpm_rom1.inc                   ; --            ; --          ; --             ;
; MISC_FILE                          ; lpm_ram_dq0.bsf                ; --            ; --          ; --             ;
; MISC_FILE                          ; lpm_ram_dq0.inc                ; --            ; --          ; --             ;
; MISC_FILE                          ; lpm_ram_dq1.bsf                ; --            ; --          ; --             ;
; MISC_FILE                          ; lpm_ram_dq1.inc                ; --            ; --          ; --             ;
; MISC_FILE                          ; E:/MIPS/MIPS.dpf               ; --            ; --          ; --             ;
; MISC_FILE                          ; lpm_latch1.bsf                 ; --            ; --          ; --             ;
; MISC_FILE                          ; lpm_latch1.cmp                 ; --            ; --          ; --             ;
; MISC_FILE                          ; lpm_mux0.bsf                   ; --            ; --          ; --             ;
; MISC_FILE                          ; lpm_mux0.cmp                   ; --            ; --          ; --             ;
; MISC_FILE                          ; lpm_mux1.bsf                   ; --            ; --          ; --             ;
; MISC_FILE                          ; lpm_mux1.cmp                   ; --            ; --          ; --             ;
; MISC_FILE                          ; lpm_mux2.bsf                   ; --            ; --          ; --             ;
; MISC_FILE                          ; lpm_mux2.cmp                   ; --            ; --          ; --             ;
; MISC_FILE                          ; lpm_mux3.bsf                   ; --            ; --          ; --             ;
; MISC_FILE                          ; lpm_mux3.cmp                   ; --            ; --          ; --             ;
; MISC_FILE                          ; lpm_latch2.bsf                 ; --            ; --          ; --             ;
; MISC_FILE                          ; lpm_latch2.cmp                 ; --            ; --          ; --             ;
; MISC_FILE                          ; lpm_latch3.tdf                 ; --            ; --          ; --             ;
; MISC_FILE                          ; lpm_latch3.bsf                 ; --            ; --          ; --             ;
; MISC_FILE                          ; lpm_latch3.cmp                 ; --            ; --          ; --             ;
; MISC_FILE                          ; lpm_ram_dq2.bsf                ; --            ; --          ; --             ;
; MISC_FILE                          ; lpm_ram_dq2.cmp                ; --            ; --          ; --             ;
; MISC_FILE                          ; lMemory.bsf                    ; --            ; --          ; --             ;
; MISC_FILE                          ; lMemory.cmp                    ; --            ; --          ; --             ;
; MISC_FILE                          ; lpm_latch4.bsf                 ; --            ; --          ; --             ;
; MISC_FILE                          ; lpm_latch4.cmp                 ; --            ; --          ; --             ;
; MISC_FILE                          ; lpm_bustri1.bsf                ; --            ; --          ; --             ;
; MISC_FILE                          ; lpm_bustri1.cmp                ; --            ; --          ; --             ;
; MISC_FILE                          ; lpm_ram_dq3.bsf                ; --            ; --          ; --             ;
; MISC_FILE                          ; lpm_ram_dq3.cmp                ; --            ; --          ; --             ;
; MISC_FILE                          ; lpm_mux4.bsf                   ; --            ; --          ; --             ;
; MISC_FILE                          ; lpm_mux4.cmp                   ; --            ; --          ; --             ;
; MISC_FILE                          ; lpm_mux5.bsf                   ; --            ; --          ; --             ;
; MISC_FILE                          ; lpm_mux5.cmp                   ; --            ; --          ; --             ;
; MISC_FILE                          ; lpm_bustri2.tdf                ; --            ; --          ; --             ;
; MISC_FILE                          ; lpm_bustri2.bsf                ; --            ; --          ; --             ;
; MISC_FILE                          ; lpm_bustri2.inc                ; --            ; --          ; --             ;
; MISC_FILE                          ; D:/MIPS/MIPS.dpf               ; --            ; --          ; --             ;
; MISC_FILE                          ; lpm_counter2.bsf               ; --            ; --          ; --             ;
; MISC_FILE                          ; lpm_counter2.inc               ; --            ; --          ; --             ;
; NOMINAL_CORE_SUPPLY_VOLTAGE        ; 1.2V                           ; --            ; --          ; --             ;
; PARTITION_COLOR                    ; 16764057                       ; --            ; --          ; Top            ;
; PARTITION_NETLIST_TYPE             ; SOURCE                         ; --            ; --          ; Top            ;
; USE_GENERATED_PHYSICAL_CONSTRAINTS ; Off                            ; --            ; --          ; eda_blast_fpga ;
+------------------------------------+--------------------------------+---------------+-------------+----------------+


+-------------------------------------------------------------------------------------------------------------------------------+
; Flow Elapsed Time                                                                                                             ;
+---------------------------+--------------+-------------------------+---------------------+------------------------------------+
; Module Name               ; Elapsed Time ; Average Processors Used ; Peak Virtual Memory ; Total CPU Time (on all processors) ;
+---------------------------+--------------+-------------------------+---------------------+------------------------------------+
; Analysis & Synthesis      ; 00:00:58     ; 1.0                     ; 734 MB              ; 00:00:58                           ;
; Fitter                    ; 00:00:12     ; 1.1                     ; 407 MB              ; 00:00:13                           ;
; Assembler                 ; 00:00:03     ; 1.0                     ; 333 MB              ; 00:00:03                           ;
; TimeQuest Timing Analyzer ; 00:00:04     ; 1.0                     ; 332 MB              ; 00:00:04                           ;
; Total                     ; 00:01:17     ; --                      ; --                  ; 00:01:18                           ;
+---------------------------+--------------+-------------------------+---------------------+------------------------------------+


+--------------------------------------------------------------------------------------------+
; Flow OS Summary                                                                            ;
+---------------------------+------------------+---------------+------------+----------------+
; Module Name               ; Machine Hostname ; OS Name       ; OS Version ; Processor type ;
+---------------------------+------------------+---------------+------------+----------------+
; Analysis & Synthesis      ; Cxie             ; Windows Vista ; 6.1        ; x86_64         ;
; Fitter                    ; Cxie             ; Windows Vista ; 6.1        ; x86_64         ;
; Assembler                 ; Cxie             ; Windows Vista ; 6.1        ; x86_64         ;
; TimeQuest Timing Analyzer ; Cxie             ; Windows Vista ; 6.1        ; x86_64         ;
+---------------------------+------------------+---------------+------------+----------------+


------------
; Flow Log ;
------------
quartus_map --read_settings_files=on --write_settings_files=off MIPS -c MIPS
quartus_fit --read_settings_files=off --write_settings_files=off MIPS -c MIPS
quartus_asm --read_settings_files=off --write_settings_files=off MIPS -c MIPS
quartus_sta MIPS -c MIPS



